<?xml version="1.0" encoding="UTF-8"?>
<!-- Generated by org.testng.reporters.JUnitReportReporter -->
<testsuite hostname="DESKTOP-DRTC6PB" failures="0" tests="1" name="com.toolsqa.Interactions" time="51.069" errors="0" timestamp="2024-10-16T11:37:42 IST" skipped="0">
  <testcase classname="com.toolsqa.Interactions" name="sortable" time="51.069"/>
  <system-out/>
</testsuite> <!-- com.toolsqa.Interactions -->
