<?xml version="1.0" encoding="UTF-8"?>
<!-- Generated by org.testng.reporters.JUnitReportReporter -->
<testsuite hostname="DESKTOP-DRTC6PB" failures="0" tests="1" name="com.toolsqa.Interactions" time="65.278" errors="0" timestamp="2024-10-14T13:47:19 IST" skipped="0">
  <testcase classname="com.toolsqa.Interactions" name="sortable" time="65.278"/>
  <system-out/>
</testsuite> <!-- com.toolsqa.Interactions -->
