<?xml version="1.0" encoding="UTF-8"?>
<!-- Generated by org.testng.reporters.JUnitReportReporter -->
<testsuite hostname="DESKTOP-DRTC6PB" failures="0" tests="1" name="com.toolsqa.WebTable" time="2.337" errors="0" timestamp="2024-09-16T09:28:50 IST" skipped="0">
  <testcase classname="com.toolsqa.WebTable" name="test" time="2.337"/>
  <system-out/>
</testsuite> <!-- com.toolsqa.WebTable -->
