<?xml version="1.0" encoding="UTF-8"?>
<!-- Generated by org.testng.reporters.JUnitReportReporter -->
<testsuite hostname="DESKTOP-DRTC6PB" failures="0" tests="1" name="com.toolsqa.BrokenLinksImages" time="59.098" errors="0" timestamp="2024-10-04T10:42:43 IST" skipped="0">
  <testcase classname="com.toolsqa.BrokenLinksImages" name="broken" time="59.098"/>
  <system-out/>
</testsuite> <!-- com.toolsqa.BrokenLinksImages -->
