<?xml version="1.0" encoding="UTF-8"?>
<!-- Generated by org.testng.reporters.JUnitReportReporter -->
<testsuite hostname="DESKTOP-DRTC6PB" failures="0" tests="1" name="com.toolsqa.UploadAndDownload" time="37.859" errors="0" timestamp="2024-10-04T10:54:30 IST" skipped="0">
  <testcase classname="com.toolsqa.UploadAndDownload" name="updown" time="37.859"/>
  <system-out/>
</testsuite> <!-- com.toolsqa.UploadAndDownload -->
