<?xml version="1.0" encoding="UTF-8"?>
<!-- Generated by org.testng.reporters.JUnitReportReporter -->
<testsuite hostname="DESKTOP-DRTC6PB" failures="0" tests="3" name="com.toolsqa.Loging" time="6.524" errors="0" timestamp="2024-10-14T12:20:20 IST" skipped="0">
  <testcase classname="com.toolsqa.Loging" name="user" time="2.238"/>
  <system-out/>
  <testcase classname="com.toolsqa.Loging" name="password" time="2.161"/>
  <system-out/>
  <testcase classname="com.toolsqa.Loging" name="login" time="2.125"/>
  <system-out/>
</testsuite> <!-- com.toolsqa.Loging -->
