<?xml version="1.0" encoding="UTF-8"?>
<!-- Generated by org.testng.reporters.JUnitReportReporter -->
<testsuite hostname="DESKTOP-DRTC6PB" failures="0" tests="1" name="com.toolsqa.Buttons" time="20.240" errors="0" timestamp="2024-10-04T10:11:38 IST" skipped="0">
  <testcase classname="com.toolsqa.Buttons" name="click" time="20.240"/>
  <system-out/>
</testsuite> <!-- com.toolsqa.Buttons -->
