<?xml version="1.0" encoding="UTF-8"?>
<!-- Generated by org.testng.reporters.JUnitReportReporter -->
<testsuite hostname="DESKTOP-DRTC6PB" failures="0" tests="3" name="com.toolsqa.Loging" time="6.482" errors="0" timestamp="2024-09-11T11:11:44 IST" skipped="0">
  <testcase classname="com.toolsqa.Loging" name="user" time="2.175"/>
  <system-out/>
  <testcase classname="com.toolsqa.Loging" name="password" time="2.205"/>
  <system-out/>
  <testcase classname="com.toolsqa.Loging" name="login" time="2.102"/>
  <system-out/>
</testsuite> <!-- com.toolsqa.Loging -->
