<?xml version="1.0" encoding="UTF-8"?>
<!-- Generated by org.testng.reporters.JUnitReportReporter -->
<testsuite hostname="DESKTOP-DRTC6PB" failures="0" tests="1" name="com.toolsqa.Froms" time="66.663" errors="0" timestamp="2024-10-04T11:20:00 IST" skipped="0">
  <testcase classname="com.toolsqa.Froms" name="practice" time="66.663"/>
  <system-out/>
</testsuite> <!-- com.toolsqa.Froms -->
