<?xml version="1.0" encoding="UTF-8"?>
<!-- Generated by org.testng.reporters.JUnitReportReporter -->
<testsuite hostname="DESKTOP-DRTC6PB" failures="0" tests="1" name="com.toolsqa.WebTable" time="19.035" errors="0" timestamp="2024-10-02T14:15:01 IST" skipped="0">
  <testcase classname="com.toolsqa.WebTable" name="test" time="19.035"/>
  <system-out/>
</testsuite> <!-- com.toolsqa.WebTable -->
